mode: set
github.com/hbelmiro/kgrep/cmd/configmaps.go:19.54,20.30 1 1
github.com/hbelmiro/kgrep/cmd/configmaps.go:20.30,22.4 1 0
github.com/hbelmiro/kgrep/cmd/configmaps.go:24.3,27.32 3 1
github.com/hbelmiro/kgrep/cmd/configmaps.go:27.32,29.4 1 0
github.com/hbelmiro/kgrep/cmd/configmaps.go:29.9,31.4 1 1
github.com/hbelmiro/kgrep/cmd/configmaps.go:33.3,33.35 1 1
github.com/hbelmiro/kgrep/cmd/configmaps.go:33.35,35.4 1 0
github.com/hbelmiro/kgrep/cmd/configmaps.go:37.3,37.13 1 1
github.com/hbelmiro/kgrep/cmd/configmaps.go:41.13,48.2 4 1
github.com/hbelmiro/kgrep/cmd/logs.go:21.54,22.24 1 1
github.com/hbelmiro/kgrep/cmd/logs.go:22.24,24.4 1 0
github.com/hbelmiro/kgrep/cmd/logs.go:26.3,29.26 3 1
github.com/hbelmiro/kgrep/cmd/logs.go:29.26,30.26 1 1
github.com/hbelmiro/kgrep/cmd/logs.go:30.26,32.5 1 1
github.com/hbelmiro/kgrep/cmd/logs.go:32.10,34.5 1 0
github.com/hbelmiro/kgrep/cmd/logs.go:35.9,36.26 1 1
github.com/hbelmiro/kgrep/cmd/logs.go:36.26,38.5 1 0
github.com/hbelmiro/kgrep/cmd/logs.go:38.10,40.5 1 1
github.com/hbelmiro/kgrep/cmd/logs.go:43.3,43.32 1 1
github.com/hbelmiro/kgrep/cmd/logs.go:43.32,49.4 1 0
github.com/hbelmiro/kgrep/cmd/logs.go:51.3,51.13 1 1
github.com/hbelmiro/kgrep/cmd/logs.go:55.13,64.2 6 1
github.com/hbelmiro/kgrep/cmd/pods.go:19.54,20.24 1 1
github.com/hbelmiro/kgrep/cmd/pods.go:20.24,22.4 1 0
github.com/hbelmiro/kgrep/cmd/pods.go:24.3,27.26 3 1
github.com/hbelmiro/kgrep/cmd/pods.go:27.26,29.4 1 0
github.com/hbelmiro/kgrep/cmd/pods.go:29.9,31.4 1 1
github.com/hbelmiro/kgrep/cmd/pods.go:33.3,33.35 1 1
github.com/hbelmiro/kgrep/cmd/pods.go:33.35,35.4 1 0
github.com/hbelmiro/kgrep/cmd/pods.go:37.3,37.13 1 1
github.com/hbelmiro/kgrep/cmd/pods.go:41.13,48.2 4 1
github.com/hbelmiro/kgrep/cmd/resources.go:20.54,21.29 1 1
github.com/hbelmiro/kgrep/cmd/resources.go:21.29,23.4 1 0
github.com/hbelmiro/kgrep/cmd/resources.go:25.3,25.34 1 1
github.com/hbelmiro/kgrep/cmd/resources.go:25.34,27.4 1 0
github.com/hbelmiro/kgrep/cmd/resources.go:29.3,32.31 3 1
github.com/hbelmiro/kgrep/cmd/resources.go:32.31,34.4 1 0
github.com/hbelmiro/kgrep/cmd/resources.go:34.9,36.4 1 1
github.com/hbelmiro/kgrep/cmd/resources.go:38.3,38.35 1 1
github.com/hbelmiro/kgrep/cmd/resources.go:38.35,40.4 1 0
github.com/hbelmiro/kgrep/cmd/resources.go:42.3,42.13 1 1
github.com/hbelmiro/kgrep/cmd/resources.go:46.13,55.2 6 1
github.com/hbelmiro/kgrep/cmd/root.go:15.22,17.2 1 0
github.com/hbelmiro/kgrep/cmd/root.go:19.13,21.2 1 1
github.com/hbelmiro/kgrep/cmd/secrets.go:19.54,20.27 1 1
github.com/hbelmiro/kgrep/cmd/secrets.go:20.27,22.4 1 0
github.com/hbelmiro/kgrep/cmd/secrets.go:24.3,27.29 3 1
github.com/hbelmiro/kgrep/cmd/secrets.go:27.29,29.4 1 0
github.com/hbelmiro/kgrep/cmd/secrets.go:29.9,31.4 1 1
github.com/hbelmiro/kgrep/cmd/secrets.go:33.3,33.35 1 1
github.com/hbelmiro/kgrep/cmd/secrets.go:33.35,35.4 1 0
github.com/hbelmiro/kgrep/cmd/secrets.go:37.3,37.13 1 1
github.com/hbelmiro/kgrep/cmd/secrets.go:41.13,48.2 4 1
github.com/hbelmiro/kgrep/cmd/serviceaccounts.go:19.54,20.35 1 1
github.com/hbelmiro/kgrep/cmd/serviceaccounts.go:20.35,22.4 1 0
github.com/hbelmiro/kgrep/cmd/serviceaccounts.go:24.3,27.37 3 1
github.com/hbelmiro/kgrep/cmd/serviceaccounts.go:27.37,29.4 1 0
github.com/hbelmiro/kgrep/cmd/serviceaccounts.go:29.9,31.4 1 1
github.com/hbelmiro/kgrep/cmd/serviceaccounts.go:33.3,33.35 1 1
github.com/hbelmiro/kgrep/cmd/serviceaccounts.go:33.35,35.4 1 0
github.com/hbelmiro/kgrep/cmd/serviceaccounts.go:37.3,37.13 1 1
github.com/hbelmiro/kgrep/cmd/serviceaccounts.go:41.13,48.2 4 1
